Arguments: 
  D:\Program Files\nodejs\node.exe C:\Program Files (x86)\Yarn\bin\yarn.js add @types/front-matter

PATH: 
  C:\Program Files\Git\mingw64\bin;C:\Program Files\Git\usr\bin;C:\Users\gaozijian\bin;C:\Perl64\site\bin;C:\Perl64\bin;C:\Program Files (x86)\Common Files\Oracle\Java\javapath;C:\WINDOWS\system32;C:\WINDOWS;C:\WINDOWS\System32\Wbem;C:\WINDOWS\System32\WindowsPowerShell\v1.0;C:\WINDOWS\System32\OpenSSH;C:\Program Files\dotnet;C:\Program Files\Git\cmd;C:\ProgramData\chocolatey\bin;C:\Program Files (x86)\Yarn\bin;D:\Program Files\IBM\SPSS\Statistics\25\JRE\bin;C:\Program Files\Microsoft SQL Server\130\Tools\Binn;D:\PostgreSQL\pg10\bin;C:\Program Files\Microsoft VS Code\bin;D:\Program Files\Calibre2;C:\Program Files\Common Files\Autodesk Shared;C:\Users\gaozijian\AppData\Roaming\nvm;D:\Program Files\nodejs;C:\Users\gaozijian\scoop\shims;C:\Users\gaozijian\.cargo\bin;D:\MiniConda3;D:\MiniConda3\Library\mingw-w64\bin;D:\MiniConda3\Library\usr\bin;D:\MiniConda3\Library\bin;D:\MiniConda3\Scripts;C:\Users\gaozijian\AppData\Local\Microsoft\WindowsApps;C:\Program Files\Microsoft VS Code\bin;C:\Users\gaozijian\AppData\Roaming\npm;C:\Users\gaozijian\AppData\Local\Yarn\bin;D:\Program Files\Java\jdk-10.0.1\bin;C:\Users\gaozijian\.dotnet\tools;C:\Users\gaozijian\AppData\Local\Programs\Microsoft VS Code Insiders\bin;C:\Users\gaozijian\AppData\Local\atom\bin;C:\Users\gaozijian\AppData\Roaming\nvm;D:\Program Files\nodejs

Yarn version: 
  1.6.0

Node version: 
  12.14.0

Platform: 
  win32 x64

Trace: 
  Error: https://registry.npmjs.org/@types%2ffront-matter: Not found
      at Request.params.callback [as _callback] (C:\Program Files (x86)\Yarn\lib\cli.js:65327:18)
      at Request.self.callback (C:\Program Files (x86)\Yarn\lib\cli.js:133155:22)
      at Request.emit (events.js:210:5)
      at Request.<anonymous> (C:\Program Files (x86)\Yarn\lib\cli.js:134138:10)
      at Request.emit (events.js:210:5)
      at IncomingMessage.<anonymous> (C:\Program Files (x86)\Yarn\lib\cli.js:134058:12)
      at Object.onceWrapper (events.js:299:28)
      at IncomingMessage.emit (events.js:215:7)
      at endReadableNT (_stream_readable.js:1184:12)
      at processTicksAndRejections (internal/process/task_queues.js:80:21)

npm manifest: 
  {
    "name": "blogsystem",
    "version": "0.0.1",
    "description": "博客系统，可自定义整个网站",
    "main": "generate.js",
    "scripts": {
      "build": " node generate.js",
      "dev": "node server.js"
    },
    "author": "gmono",
    "license": "MIT",
    "dependencies": {
      "front-matter": "^3.0.2"
    }
  }

yarn manifest: 
  No manifest

Lockfile: 
  # THIS IS AN AUTOGENERATED FILE. DO NOT EDIT THIS FILE DIRECTLY.
  # yarn lockfile v1
  
  
  argparse@^1.0.7:
    version "1.0.10"
    resolved "https://registry.npmjs.org/argparse/-/argparse-1.0.10.tgz#bcd6791ea5ae09725e17e5ad988134cd40b3d911"
    dependencies:
      sprintf-js "~1.0.2"
  
  esprima@^4.0.0:
    version "4.0.1"
    resolved "https://registry.npmjs.org/esprima/-/esprima-4.0.1.tgz#13b04cdb3e6c5d19df91ab6987a8695619b0aa71"
  
  front-matter@^3.0.2:
    version "3.0.2"
    resolved "https://registry.npmjs.org/front-matter/-/front-matter-3.0.2.tgz#2401cd05fcf22bd0de48a104ffb4efb1ff5c8465"
    dependencies:
      js-yaml "^3.13.1"
  
  js-yaml@^3.13.1:
    version "3.13.1"
    resolved "https://registry.npmjs.org/js-yaml/-/js-yaml-3.13.1.tgz#aff151b30bfdfa8e49e05da22e7415e9dfa37847"
    dependencies:
      argparse "^1.0.7"
      esprima "^4.0.0"
  
  sprintf-js@~1.0.2:
    version "1.0.3"
    resolved "https://registry.npmjs.org/sprintf-js/-/sprintf-js-1.0.3.tgz#04e6926f662895354f3dd015203633b857297e2c"
